Unity/MQPEyeTest/Library/Bee/Android/Prj/IL2CPP/Gradle/launcher/build/intermediates/manifest_merge_blame_file/release/manifest-merger-blame-release-report.txt
1<?xml version="1.0" encoding="utf-8"?>
2<manifest xmlns:android="http://schemas.android.com/apk/res/android"
3    package="com.DEBSoft.MQPEyeTest"
4    android:installLocation="auto"
5    android:versionCode="1"
6    android:versionName="0.1" >
7
8    <uses-sdk
9        android:minSdkVersion="29"
9-->src\main\AndroidManifest.xml
10        android:targetSdkVersion="30" />
10-->src\main\AndroidManifest.xml
11
12    <supports-screens
12-->src\main\AndroidManifest.xml:3:3-163
13        android:anyDensity="true"
13-->src\main\AndroidManifest.xml:3:135-160
14        android:largeScreens="true"
14-->src\main\AndroidManifest.xml:3:78-105
15        android:normalScreens="true"
15-->src\main\AndroidManifest.xml:3:49-77
16        android:smallScreens="true"
16-->src\main\AndroidManifest.xml:3:21-48
17        android:xlargeScreens="true" />
17-->src\main\AndroidManifest.xml:3:106-134
18
19    <uses-feature
19-->[:unityLibrary] AndroidManifest.xml:12:5-15:31
20        android:name="android.hardware.vr.headtracking"
20-->[:unityLibrary] AndroidManifest.xml:13:9-56
21        android:required="true"
21-->[:unityLibrary] AndroidManifest.xml:14:9-32
22        android:version="1" />
22-->[:unityLibrary] AndroidManifest.xml:15:9-28
23    <uses-feature
23-->[:unityLibrary] AndroidManifest.xml:16:5-18:36
24        android:name="oculus.software.handtracking"
24-->[:unityLibrary] AndroidManifest.xml:17:9-52
25        android:required="false" />
25-->[:unityLibrary] AndroidManifest.xml:18:9-33
26
27    <uses-permission android:name="com.oculus.permission.HAND_TRACKING" />
27-->[:unityLibrary] AndroidManifest.xml:20:5-75
27-->[:unityLibrary] AndroidManifest.xml:20:22-72
28
29    <uses-feature
29-->[:unityLibrary] AndroidManifest.xml:22:5-24:36
30        android:name="com.oculus.software.body_tracking"
30-->[:unityLibrary] AndroidManifest.xml:23:9-57
31        android:required="false" />
31-->[:unityLibrary] AndroidManifest.xml:24:9-33
32
33    <uses-permission android:name="com.oculus.permission.BODY_TRACKING" />
33-->[:unityLibrary] AndroidManifest.xml:26:5-75
33-->[:unityLibrary] AndroidManifest.xml:26:22-72
34
35    <uses-feature
35-->[:unityLibrary] AndroidManifest.xml:28:5-30:36
36        android:name="oculus.software.face_tracking"
36-->[:unityLibrary] AndroidManifest.xml:29:9-53
37        android:required="false" />
37-->[:unityLibrary] AndroidManifest.xml:30:9-33
38
39    <uses-permission android:name="com.oculus.permission.FACE_TRACKING" />
39-->[:unityLibrary] AndroidManifest.xml:32:5-75
39-->[:unityLibrary] AndroidManifest.xml:32:22-72
40
41    <uses-feature
41-->[:unityLibrary] AndroidManifest.xml:34:5-36:35
42        android:name="oculus.software.eye_tracking"
42-->[:unityLibrary] AndroidManifest.xml:35:9-52
43        android:required="true" />
43-->[:unityLibrary] AndroidManifest.xml:36:9-32
44
45    <uses-permission android:name="com.oculus.permission.EYE_TRACKING" />
45-->[:unityLibrary] AndroidManifest.xml:38:5-74
45-->[:unityLibrary] AndroidManifest.xml:38:22-71
46
47    <uses-feature android:glEsVersion="0x00030000" />
47-->[:unityLibrary] AndroidManifest.xml:40:5-54
47-->[:unityLibrary] AndroidManifest.xml:40:19-51
48    <uses-feature
48-->[:unityLibrary] AndroidManifest.xml:41:5-43:36
49        android:name="android.hardware.vulkan.version"
49-->[:unityLibrary] AndroidManifest.xml:42:9-55
50        android:required="false" />
50-->[:unityLibrary] AndroidManifest.xml:43:9-33
51
52    <uses-permission android:name="android.permission.INTERNET" />
52-->[:unityLibrary] AndroidManifest.xml:45:5-67
52-->[:unityLibrary] AndroidManifest.xml:45:22-64
53    <uses-permission android:name="android.permission.ACCESS_NETWORK_STATE" />
53-->[:unityLibrary] AndroidManifest.xml:46:5-79
53-->[:unityLibrary] AndroidManifest.xml:46:22-76
54    <uses-permission android:name="android.permission.RECORD_AUDIO" />
54-->[:unityLibrary] AndroidManifest.xml:47:5-71
54-->[:unityLibrary] AndroidManifest.xml:47:22-68
55    <uses-permission android:name="android.permission.MODIFY_AUDIO_SETTINGS" />
55-->[:unityLibrary] AndroidManifest.xml:48:5-80
55-->[:unityLibrary] AndroidManifest.xml:48:22-77
56
57    <uses-feature
57-->[:unityLibrary] AndroidManifest.xml:50:5-52:36
58        android:name="android.hardware.microphone"
58-->[:unityLibrary] AndroidManifest.xml:51:9-51
59        android:required="false" />
59-->[:unityLibrary] AndroidManifest.xml:52:9-33
60    <uses-feature
60-->[:unityLibrary] AndroidManifest.xml:53:5-55:36
61        android:name="android.hardware.touchscreen"
61-->[:unityLibrary] AndroidManifest.xml:54:9-52
62        android:required="false" />
62-->[:unityLibrary] AndroidManifest.xml:55:9-33
63    <uses-feature
63-->[:unityLibrary] AndroidManifest.xml:56:5-58:36
64        android:name="android.hardware.touchscreen.multitouch"
64-->[:unityLibrary] AndroidManifest.xml:57:9-63
65        android:required="false" />
65-->[:unityLibrary] AndroidManifest.xml:58:9-33
66    <uses-feature
66-->[:unityLibrary] AndroidManifest.xml:59:5-61:36
67        android:name="android.hardware.touchscreen.multitouch.distinct"
67-->[:unityLibrary] AndroidManifest.xml:60:9-72
68        android:required="false" />
68-->[:unityLibrary] AndroidManifest.xml:61:9-33
69
70    <application
70-->src\main\AndroidManifest.xml:4:3-83
71        android:allowBackup="false"
71-->[:unityLibrary] AndroidManifest.xml:64:9-36
72        android:extractNativeLibs="true"
72-->[:unityLibrary] AndroidManifest.xml:65:9-41
73        android:icon="@mipmap/app_icon"
73-->src\main\AndroidManifest.xml:4:49-80
74        android:label="@string/app_name"
74-->src\main\AndroidManifest.xml:4:16-48
75        android:networkSecurityConfig="@xml/network_sec_config" >
75-->[:unityLibrary] AndroidManifest.xml:68:9-64
76        <activity
76-->[:unityLibrary] AndroidManifest.xml:69:9-92:20
77            android:name="com.unity3d.player.UnityPlayerActivity"
77-->[:unityLibrary] AndroidManifest.xml:70:13-66
78            android:configChanges="keyboard|keyboardHidden|navigation|orientation|screenLayout|screenSize|uiMode|density"
78-->[:unityLibrary] AndroidManifest.xml:71:13-122
79            android:excludeFromRecents="true"
79-->[:unityLibrary] AndroidManifest.xml:72:13-46
80            android:exported="true"
80-->[:unityLibrary] AndroidManifest.xml:73:13-36
81            android:hardwareAccelerated="false"
81-->[:unityLibrary] AndroidManifest.xml:74:13-48
82            android:launchMode="singleTask"
82-->[:unityLibrary] AndroidManifest.xml:75:13-44
83            android:resizeableActivity="false"
83-->[:unityLibrary] AndroidManifest.xml:76:13-47
84            android:screenOrientation="landscape"
84-->[:unityLibrary] AndroidManifest.xml:77:13-50
85            android:theme="@android:style/Theme.Black.NoTitleBar.Fullscreen" >
85-->[:unityLibrary] AndroidManifest.xml:78:13-77
86            <intent-filter>
86-->[:unityLibrary] AndroidManifest.xml:79:13-84:29
87                <action android:name="android.intent.action.MAIN" />
87-->[:unityLibrary] AndroidManifest.xml:80:17-69
87-->[:unityLibrary] AndroidManifest.xml:80:25-66
88
89                <category android:name="android.intent.category.LAUNCHER" />
89-->[:unityLibrary] AndroidManifest.xml:82:17-77
89-->[:unityLibrary] AndroidManifest.xml:82:27-74
90                <category android:name="com.oculus.intent.category.VR" />
90-->[:unityLibrary] AndroidManifest.xml:83:17-74
90-->[:unityLibrary] AndroidManifest.xml:83:27-71
91            </intent-filter>
92
93            <meta-data
93-->[:unityLibrary] AndroidManifest.xml:86:13-88:40
94                android:name="android.notch_support"
94-->[:unityLibrary] AndroidManifest.xml:87:17-53
95                android:value="true" />
95-->[:unityLibrary] AndroidManifest.xml:88:17-37
96            <meta-data
96-->[:unityLibrary] AndroidManifest.xml:89:13-91:40
97                android:name="com.oculus.vr.focusaware"
97-->[:unityLibrary] AndroidManifest.xml:90:17-56
98                android:value="true" />
98-->[:unityLibrary] AndroidManifest.xml:91:17-37
99        </activity>
100
101        <meta-data
101-->[:unityLibrary] AndroidManifest.xml:94:9-96:37
102            android:name="unityplayer.SkipPermissionsDialog"
102-->[:unityLibrary] AndroidManifest.xml:95:13-61
103            android:value="false" />
103-->[:unityLibrary] AndroidManifest.xml:96:13-34
104        <meta-data
104-->[:unityLibrary] AndroidManifest.xml:97:9-99:39
105            android:name="com.samsung.android.vr.application.mode"
105-->[:unityLibrary] AndroidManifest.xml:98:13-67
106            android:value="vr_only" />
106-->[:unityLibrary] AndroidManifest.xml:99:13-36
107        <meta-data
107-->[:unityLibrary] AndroidManifest.xml:100:9-102:35
108            android:name="com.oculus.handtracking.frequency"
108-->[:unityLibrary] AndroidManifest.xml:101:13-61
109            android:value="LOW" />
109-->[:unityLibrary] AndroidManifest.xml:102:13-32
110        <meta-data
110-->[:unityLibrary] AndroidManifest.xml:103:9-105:33
111            android:name="unity.splash-mode"
111-->[:unityLibrary] AndroidManifest.xml:104:13-45
112            android:value="0" />
112-->[:unityLibrary] AndroidManifest.xml:105:13-30
113        <meta-data
113-->[:unityLibrary] AndroidManifest.xml:106:9-108:36
114            android:name="unity.splash-enable"
114-->[:unityLibrary] AndroidManifest.xml:107:13-47
115            android:value="True" />
115-->[:unityLibrary] AndroidManifest.xml:108:13-33
116        <meta-data
116-->[:unityLibrary] AndroidManifest.xml:109:9-111:36
117            android:name="unity.launch-fullscreen"
117-->[:unityLibrary] AndroidManifest.xml:110:13-51
118            android:value="True" />
118-->[:unityLibrary] AndroidManifest.xml:111:13-33
119        <meta-data
119-->[:unityLibrary] AndroidManifest.xml:112:9-114:37
120            android:name="unity.allow-resizable-window"
120-->[:unityLibrary] AndroidManifest.xml:113:13-56
121            android:value="False" />
121-->[:unityLibrary] AndroidManifest.xml:114:13-34
122        <meta-data
122-->[:unityLibrary] AndroidManifest.xml:115:9-117:50
123            android:name="notch.config"
123-->[:unityLibrary] AndroidManifest.xml:116:13-40
124            android:value="portrait|landscape" />
124-->[:unityLibrary] AndroidManifest.xml:117:13-47
125        <meta-data
125-->[:unityLibrary] AndroidManifest.xml:118:9-120:36
126            android:name="unity.auto-report-fully-drawn"
126-->[:unityLibrary] AndroidManifest.xml:119:13-57
127            android:value="true" />
127-->[:unityLibrary] AndroidManifest.xml:120:13-33
128        <meta-data
128-->[:unityLibrary] AndroidManifest.xml:121:9-123:36
129            android:name="com.unity.xr.oculus.LowOverheadMode"
129-->[:unityLibrary] AndroidManifest.xml:122:13-63
130            android:value="true" />
130-->[:unityLibrary] AndroidManifest.xml:123:13-33
131        <meta-data
131-->[:unityLibrary] AndroidManifest.xml:124:9-126:37
132            android:name="com.unity.xr.oculus.LateLatching"
132-->[:unityLibrary] AndroidManifest.xml:125:13-60
133            android:value="false" />
133-->[:unityLibrary] AndroidManifest.xml:126:13-34
134        <meta-data
134-->[:unityLibrary] AndroidManifest.xml:127:9-129:37
135            android:name="com.unity.xr.oculus.LateLatchingDebug"
135-->[:unityLibrary] AndroidManifest.xml:128:13-65
136            android:value="false" />
136-->[:unityLibrary] AndroidManifest.xml:129:13-34
137        <meta-data
137-->[:unityLibrary] AndroidManifest.xml:130:9-132:44
138            android:name="com.oculus.supportedDevices"
138-->[:unityLibrary] AndroidManifest.xml:131:13-55
139            android:value="quest|quest2" />
139-->[:unityLibrary] AndroidManifest.xml:132:13-41
140    </application>
141
142</manifest>